2023/08/30 21:15:25 [emerg] 1#1: unknown "fastcgi_pass" variable
2023/08/30 21:15:26 [emerg] 1#1: unknown "fastcgi_pass" variable
2023/08/30 21:15:26 [emerg] 1#1: unknown "fastcgi_pass" variable
2023/08/30 21:15:27 [emerg] 1#1: unknown "fastcgi_pass" variable
2023/08/30 21:15:28 [emerg] 1#1: unknown "fastcgi_pass" variable
2023/08/30 21:15:30 [emerg] 1#1: unknown "fastcgi_pass" variable
2023/08/30 21:15:33 [emerg] 1#1: unknown "fastcgi_pass" variable
2023/08/30 21:15:40 [emerg] 1#1: unknown "fastcgi_pass" variable
2023/08/30 21:15:53 [emerg] 1#1: unknown "fastcgi_pass" variable
2023/08/30 21:16:19 [emerg] 1#1: unknown "fastcgi_pass" variable
2023/08/30 21:17:11 [emerg] 1#1: unknown "fastcgi_pass" variable
2023/08/30 21:36:18 [emerg] 1#1: "server" directive is not allowed here in /etc/nginx/nginx.conf:1
2023/08/30 21:36:18 [emerg] 1#1: "server" directive is not allowed here in /etc/nginx/nginx.conf:1
2023/08/30 21:36:19 [emerg] 1#1: "server" directive is not allowed here in /etc/nginx/nginx.conf:1
2023/08/30 21:36:20 [emerg] 1#1: "server" directive is not allowed here in /etc/nginx/nginx.conf:1
2023/08/30 21:36:21 [emerg] 1#1: "server" directive is not allowed here in /etc/nginx/nginx.conf:1
2023/08/30 21:36:23 [emerg] 1#1: "server" directive is not allowed here in /etc/nginx/nginx.conf:1
2023/08/30 21:36:26 [emerg] 1#1: "server" directive is not allowed here in /etc/nginx/nginx.conf:1
2023/08/30 21:36:33 [emerg] 1#1: unknown "fastcgi_pass" variable
2023/08/30 21:36:46 [emerg] 1#1: unknown "fastcgi_pass" variable
2023/08/30 21:37:12 [emerg] 1#1: unknown "fastcgi_pass" variable
2023/08/30 21:38:03 [emerg] 1#1: unknown "fastcgi_pass" variable
2023/08/30 21:39:02 [emerg] 1#1: unknown "fastcgi_pass" variable
2023/08/30 21:39:02 [emerg] 1#1: unknown "fastcgi_pass" variable
2023/08/30 21:39:03 [emerg] 1#1: unknown "fastcgi_pass" variable
2023/08/30 21:39:03 [emerg] 1#1: unknown "fastcgi_pass" variable
2023/08/30 21:39:04 [emerg] 1#1: unknown "fastcgi_pass" variable
2023/08/30 21:39:06 [emerg] 1#1: unknown "fastcgi_pass" variable
2023/08/30 21:39:10 [emerg] 1#1: unknown "fastcgi_pass" variable
2023/08/30 21:39:17 [emerg] 1#1: unknown "fastcgi_pass" variable
2023/08/30 21:39:30 [emerg] 1#1: unknown "fastcgi_pass" variable
2023/08/30 21:39:56 [emerg] 1#1: unknown "fastcgi_pass" variable
2023/08/30 21:40:47 [emerg] 1#1: unknown "fastcgi_pass" variable
2023/08/30 21:45:53 [emerg] 1#1: unknown "fastcgi_pass" variable
2023/08/30 21:45:53 [emerg] 1#1: unknown "fastcgi_pass" variable
2023/08/30 21:45:54 [emerg] 1#1: unknown "fastcgi_pass" variable
2023/08/30 21:45:55 [emerg] 1#1: unknown "fastcgi_pass" variable
2023/08/30 21:45:56 [emerg] 1#1: unknown "fastcgi_pass" variable
2023/08/30 21:45:58 [emerg] 1#1: unknown "fastcgi_pass" variable
2023/08/30 21:46:01 [emerg] 1#1: unknown "fastcgi_pass" variable
2023/08/30 21:46:08 [emerg] 1#1: unknown "fastcgi_pass" variable
2023/08/30 21:46:21 [emerg] 1#1: unknown "fastcgi_pass" variable
2023/08/30 21:46:47 [emerg] 1#1: unknown "fastcgi_pass" variable
2023/08/30 21:47:38 [emerg] 1#1: unknown "fastcgi_pass" variable
2023/08/30 21:51:49 [emerg] 1#1: unknown "fastcgi_pass" variable
2023/08/30 21:51:50 [emerg] 1#1: unknown "fastcgi_pass" variable
2023/08/30 21:51:50 [emerg] 1#1: unknown "fastcgi_pass" variable
2023/08/30 21:51:51 [emerg] 1#1: unknown "fastcgi_pass" variable
2023/08/30 21:51:52 [emerg] 1#1: unknown "fastcgi_pass" variable
2023/08/30 21:51:54 [emerg] 1#1: unknown "fastcgi_pass" variable
2023/08/30 21:51:58 [emerg] 1#1: unknown "fastcgi_pass" variable
2023/08/30 21:52:04 [emerg] 1#1: unknown "fastcgi_pass" variable
2023/08/30 21:52:17 [emerg] 1#1: unknown "fastcgi_pass" variable
2023/08/30 21:52:43 [emerg] 1#1: unknown "fastcgi_pass" variable
2023/08/30 21:53:35 [emerg] 1#1: unknown "fastcgi_pass" variable
2023/08/30 21:54:35 [emerg] 1#1: unknown "fastcgi_pass" variable
2023/08/30 21:55:35 [emerg] 1#1: unknown "fastcgi_pass" variable
2023/08/30 21:56:36 [emerg] 1#1: unknown "fastcgi_pass" variable
2023/08/30 21:56:50 [emerg] 1#1: unknown "fastcgi_pass" variable
2023/08/30 21:56:51 [emerg] 1#1: unknown "fastcgi_pass" variable
2023/08/30 21:56:51 [emerg] 1#1: unknown "fastcgi_pass" variable
2023/08/30 21:56:52 [emerg] 1#1: unknown "fastcgi_pass" variable
2023/08/30 21:56:53 [emerg] 1#1: unknown "fastcgi_pass" variable
2023/08/30 21:56:55 [emerg] 1#1: unknown "fastcgi_pass" variable
2023/08/30 21:56:58 [emerg] 1#1: unknown "fastcgi_pass" variable
2023/08/30 22:01:54 [emerg] 1#1: no port in upstream "FASTCGI_PASS" in /etc/nginx/nginx.conf:25
2023/08/30 22:01:54 [emerg] 1#1: no port in upstream "FASTCGI_PASS" in /etc/nginx/nginx.conf:25
2023/08/30 22:01:55 [emerg] 1#1: no port in upstream "FASTCGI_PASS" in /etc/nginx/nginx.conf:25
2023/08/30 22:01:56 [emerg] 1#1: no port in upstream "FASTCGI_PASS" in /etc/nginx/nginx.conf:25
2023/08/30 22:01:57 [emerg] 1#1: no port in upstream "FASTCGI_PASS" in /etc/nginx/nginx.conf:25
2023/08/30 22:01:59 [emerg] 1#1: no port in upstream "FASTCGI_PASS" in /etc/nginx/nginx.conf:25
2023/08/30 22:02:02 [emerg] 1#1: no port in upstream "FASTCGI_PASS" in /etc/nginx/nginx.conf:25
2023/08/30 22:06:00 [emerg] 1#1: unknown "fastcgi_pass" variable
2023/08/30 22:06:01 [emerg] 1#1: unknown "fastcgi_pass" variable
2023/08/30 22:06:01 [emerg] 1#1: unknown "fastcgi_pass" variable
2023/08/30 22:06:02 [emerg] 1#1: unknown "fastcgi_pass" variable
2023/08/30 22:06:03 [emerg] 1#1: unknown "fastcgi_pass" variable
2023/08/30 22:06:05 [emerg] 1#1: unknown "fastcgi_pass" variable
2023/08/30 22:06:09 [emerg] 1#1: unknown "fastcgi_pass" variable
2023/08/30 22:06:15 [emerg] 1#1: unknown "fastcgi_pass" variable
2023/08/30 22:06:28 [emerg] 1#1: unknown "fastcgi_pass" variable
2023/08/30 22:06:54 [emerg] 1#1: unknown "fastcgi_pass" variable
2023/08/30 22:07:46 [emerg] 1#1: unknown "fastcgi_pass" variable
2023/08/30 22:08:46 [emerg] 1#1: unknown "fastcgi_pass" variable
2023/08/30 22:09:46 [emerg] 1#1: unknown "fastcgi_pass" variable
2023/08/30 22:10:47 [emerg] 1#1: unknown "fastcgi_pass" variable
2023/08/30 22:11:47 [emerg] 1#1: unknown "fastcgi_pass" variable
2023/08/30 22:12:47 [emerg] 1#1: unknown "fastcgi_pass" variable
2023/08/30 22:13:48 [emerg] 1#1: unknown "fastcgi_pass" variable
2023/08/30 22:14:48 [emerg] 1#1: unknown "fastcgi_pass" variable
2023/08/30 22:15:38 [emerg] 1#1: unknown "fastcgi_pass" variable
2023/08/30 22:15:38 [emerg] 1#1: unknown "fastcgi_pass" variable
2023/08/30 22:15:39 [emerg] 1#1: unknown "fastcgi_pass" variable
2023/08/30 22:15:39 [emerg] 1#1: unknown "fastcgi_pass" variable
2023/08/30 22:15:40 [emerg] 1#1: unknown "fastcgi_pass" variable
2023/08/30 22:15:42 [emerg] 1#1: unknown "fastcgi_pass" variable
2023/08/30 22:15:46 [emerg] 1#1: unknown "fastcgi_pass" variable
2023/08/30 22:15:53 [emerg] 1#1: unknown "fastcgi_pass" variable
2023/08/30 22:19:26 [emerg] 1#1: unknown "fastcgi_pass" variable
2023/08/30 22:19:27 [emerg] 1#1: unknown "fastcgi_pass" variable
2023/08/30 22:19:28 [emerg] 1#1: unknown "fastcgi_pass" variable
2023/08/30 22:19:28 [emerg] 1#1: unknown "fastcgi_pass" variable
2023/08/30 22:19:30 [emerg] 1#1: unknown "fastcgi_pass" variable
2023/08/30 22:19:31 [emerg] 1#1: unknown "fastcgi_pass" variable
2023/08/30 22:19:35 [emerg] 1#1: unknown "fastcgi_pass" variable
2023/08/30 22:19:42 [emerg] 1#1: unknown "fastcgi_pass" variable
2023/08/30 22:19:55 [emerg] 1#1: unknown "fastcgi_pass" variable
2023/08/30 22:21:10 [emerg] 1#1: unknown "fastcgi_pass" variable
2023/08/30 22:21:11 [emerg] 1#1: unknown "fastcgi_pass" variable
2023/08/30 22:21:11 [emerg] 1#1: unknown "fastcgi_pass" variable
2023/08/30 22:21:12 [emerg] 1#1: unknown "fastcgi_pass" variable
2023/08/30 22:21:13 [emerg] 1#1: unknown "fastcgi_pass" variable
2023/08/30 22:21:15 [emerg] 1#1: unknown "fastcgi_pass" variable
2023/08/30 22:21:19 [emerg] 1#1: unknown "fastcgi_pass" variable
2023/08/30 22:21:25 [emerg] 1#1: unknown "fastcgi_pass" variable
2023/08/30 22:21:40 [emerg] 1#1: unknown "fastcgi_pass" variable
2023/08/30 22:21:41 [emerg] 1#1: unknown "fastcgi_pass" variable
2023/08/30 22:21:41 [emerg] 1#1: unknown "fastcgi_pass" variable
2023/08/30 22:21:42 [emerg] 1#1: unknown "fastcgi_pass" variable
2023/08/30 22:21:43 [emerg] 1#1: unknown "fastcgi_pass" variable
2023/08/30 22:21:45 [emerg] 1#1: unknown "fastcgi_pass" variable
2023/08/30 22:21:47 [emerg] 1#1: unknown "fastcgi_pass" variable
2023/08/30 22:21:48 [emerg] 1#1: unknown "fastcgi_pass" variable
2023/08/30 22:21:49 [emerg] 1#1: unknown "fastcgi_pass" variable
2023/08/30 22:21:50 [emerg] 1#1: unknown "fastcgi_pass" variable
2023/08/30 22:21:50 [emerg] 1#1: unknown "fastcgi_pass" variable
2023/08/30 22:21:51 [emerg] 1#1: unknown "fastcgi_pass" variable
2023/08/30 22:21:52 [emerg] 1#1: unknown "fastcgi_pass" variable
2023/08/30 22:21:53 [emerg] 1#1: unknown "fastcgi_pass" variable
2023/08/30 22:21:53 [emerg] 1#1: unknown "fastcgi_pass" variable
2023/08/30 22:21:54 [emerg] 1#1: unknown "fastcgi_pass" variable
2023/08/30 22:21:55 [emerg] 1#1: unknown "fastcgi_pass" variable
2023/08/30 22:21:57 [emerg] 1#1: unknown "fastcgi_pass" variable
2023/08/30 22:22:01 [emerg] 1#1: unknown "fastcgi_pass" variable
2023/08/30 22:22:07 [emerg] 1#1: unknown "fastcgi_pass" variable
2023/08/30 22:46:41 [emerg] 1#1: unknown "fastcgi_pass" variable
2023/08/30 22:46:41 [emerg] 1#1: unknown "fastcgi_pass" variable
2023/08/30 22:46:42 [emerg] 1#1: unknown "fastcgi_pass" variable
2023/08/30 22:46:43 [emerg] 1#1: unknown "fastcgi_pass" variable
2023/08/30 22:46:44 [emerg] 1#1: unknown "fastcgi_pass" variable
2023/08/30 22:46:46 [emerg] 1#1: unknown "fastcgi_pass" variable
2023/08/30 22:46:49 [emerg] 1#1: unknown "fastcgi_pass" variable
2023/08/30 22:46:56 [emerg] 1#1: unknown "fastcgi_pass" variable
2023/08/30 22:47:09 [emerg] 1#1: unknown "fastcgi_pass" variable
2023/08/30 22:47:35 [emerg] 1#1: unknown "fastcgi_pass" variable
2023/08/30 22:48:26 [emerg] 1#1: unknown "fastcgi_pass" variable
2023/08/30 22:49:27 [emerg] 1#1: unknown "fastcgi_pass" variable
2023/08/30 22:50:27 [emerg] 1#1: unknown "fastcgi_pass" variable
2023/08/30 22:51:15 [notice] 1#1: using the "epoll" event method
2023/08/30 22:51:15 [notice] 1#1: nginx/1.25.2
2023/08/30 22:51:15 [notice] 1#1: built by gcc 12.2.1 20220924 (Alpine 12.2.1_git20220924-r10) 
2023/08/30 22:51:15 [notice] 1#1: OS: Linux 6.2.0-26-generic
2023/08/30 22:51:15 [notice] 1#1: getrlimit(RLIMIT_NOFILE): 1048576:1048576
2023/08/30 22:51:15 [notice] 1#1: start worker processes
2023/08/30 22:51:15 [notice] 1#1: start worker process 30
2023/08/30 22:51:15 [notice] 1#1: start worker process 31
2023/08/30 22:51:15 [notice] 1#1: start worker process 32
2023/08/30 22:51:15 [notice] 1#1: start worker process 33
2023/08/30 22:51:15 [notice] 1#1: start worker process 34
2023/08/30 22:51:15 [notice] 1#1: start worker process 35
2023/08/30 22:51:15 [notice] 1#1: start worker process 36
2023/08/30 22:51:15 [notice] 1#1: start worker process 37
2023/08/30 22:51:41 [notice] 1#1: signal 3 (SIGQUIT) received, shutting down
2023/08/30 22:51:41 [notice] 31#31: gracefully shutting down
2023/08/30 22:51:41 [notice] 32#32: gracefully shutting down
2023/08/30 22:51:41 [notice] 33#33: gracefully shutting down
2023/08/30 22:51:41 [notice] 35#35: gracefully shutting down
2023/08/30 22:51:41 [notice] 34#34: gracefully shutting down
2023/08/30 22:51:41 [notice] 31#31: exiting
2023/08/30 22:51:41 [notice] 37#37: gracefully shutting down
2023/08/30 22:51:41 [notice] 32#32: exiting
2023/08/30 22:51:41 [notice] 33#33: exiting
2023/08/30 22:51:41 [notice] 35#35: exiting
2023/08/30 22:51:41 [notice] 34#34: exiting
2023/08/30 22:51:41 [notice] 37#37: exiting
2023/08/30 22:51:41 [notice] 31#31: exit
2023/08/30 22:51:41 [notice] 32#32: exit
2023/08/30 22:51:41 [notice] 35#35: exit
2023/08/30 22:51:41 [notice] 34#34: exit
2023/08/30 22:51:41 [notice] 33#33: exit
2023/08/30 22:51:41 [notice] 37#37: exit
2023/08/30 22:51:41 [notice] 30#30: gracefully shutting down
2023/08/30 22:51:41 [notice] 30#30: exiting
2023/08/30 22:51:41 [notice] 30#30: exit
2023/08/30 22:51:41 [notice] 36#36: gracefully shutting down
2023/08/30 22:51:41 [notice] 36#36: exiting
2023/08/30 22:51:41 [notice] 36#36: exit
2023/08/30 22:51:41 [notice] 1#1: signal 17 (SIGCHLD) received from 32
2023/08/30 22:51:41 [notice] 1#1: worker process 32 exited with code 0
2023/08/30 22:51:41 [notice] 1#1: signal 29 (SIGIO) received
2023/08/30 22:51:41 [notice] 1#1: signal 17 (SIGCHLD) received from 35
2023/08/30 22:51:41 [notice] 1#1: worker process 35 exited with code 0
2023/08/30 22:51:41 [notice] 1#1: signal 29 (SIGIO) received
2023/08/30 22:51:41 [notice] 1#1: signal 17 (SIGCHLD) received from 30
2023/08/30 22:51:41 [notice] 1#1: worker process 30 exited with code 0
2023/08/30 22:51:41 [notice] 1#1: worker process 31 exited with code 0
2023/08/30 22:51:41 [notice] 1#1: worker process 34 exited with code 0
2023/08/30 22:51:41 [notice] 1#1: worker process 37 exited with code 0
2023/08/30 22:51:41 [notice] 1#1: signal 29 (SIGIO) received
2023/08/30 22:51:41 [notice] 1#1: signal 17 (SIGCHLD) received from 37
2023/08/30 22:51:41 [notice] 1#1: signal 17 (SIGCHLD) received from 33
2023/08/30 22:51:41 [notice] 1#1: worker process 33 exited with code 0
2023/08/30 22:51:41 [notice] 1#1: worker process 36 exited with code 0
2023/08/30 22:51:41 [notice] 1#1: exit
2023/08/30 22:52:02 [notice] 1#1: using the "epoll" event method
2023/08/30 22:52:02 [notice] 1#1: nginx/1.25.2
2023/08/30 22:52:02 [notice] 1#1: built by gcc 12.2.1 20220924 (Alpine 12.2.1_git20220924-r10) 
2023/08/30 22:52:02 [notice] 1#1: OS: Linux 6.2.0-26-generic
2023/08/30 22:52:02 [notice] 1#1: getrlimit(RLIMIT_NOFILE): 1048576:1048576
2023/08/30 22:52:02 [notice] 1#1: start worker processes
2023/08/30 22:52:02 [notice] 1#1: start worker process 30
2023/08/30 22:52:02 [notice] 1#1: start worker process 31
2023/08/30 22:52:02 [notice] 1#1: start worker process 32
2023/08/30 22:52:02 [notice] 1#1: start worker process 33
2023/08/30 22:52:02 [notice] 1#1: start worker process 34
2023/08/30 22:52:02 [notice] 1#1: start worker process 35
2023/08/30 22:52:02 [notice] 1#1: start worker process 36
2023/08/30 22:52:02 [notice] 1#1: start worker process 37
2023/08/30 22:52:11 [notice] 1#1: signal 3 (SIGQUIT) received, shutting down
2023/08/30 22:52:11 [notice] 32#32: gracefully shutting down
2023/08/30 22:52:11 [notice] 33#33: gracefully shutting down
2023/08/30 22:52:11 [notice] 30#30: gracefully shutting down
2023/08/30 22:52:11 [notice] 34#34: gracefully shutting down
2023/08/30 22:52:11 [notice] 31#31: gracefully shutting down
2023/08/30 22:52:11 [notice] 35#35: gracefully shutting down
2023/08/30 22:52:11 [notice] 32#32: exiting
2023/08/30 22:52:11 [notice] 33#33: exiting
2023/08/30 22:52:11 [notice] 30#30: exiting
2023/08/30 22:52:11 [notice] 34#34: exiting
2023/08/30 22:52:11 [notice] 31#31: exiting
2023/08/30 22:52:11 [notice] 35#35: exiting
2023/08/30 22:52:11 [notice] 30#30: exit
2023/08/30 22:52:11 [notice] 32#32: exit
2023/08/30 22:52:11 [notice] 33#33: exit
2023/08/30 22:52:11 [notice] 34#34: exit
2023/08/30 22:52:11 [notice] 31#31: exit
2023/08/30 22:52:11 [notice] 35#35: exit
2023/08/30 22:52:11 [notice] 36#36: gracefully shutting down
2023/08/30 22:52:11 [notice] 36#36: exiting
2023/08/30 22:52:11 [notice] 36#36: exit
2023/08/30 22:52:11 [notice] 37#37: gracefully shutting down
2023/08/30 22:52:11 [notice] 37#37: exiting
2023/08/30 22:52:11 [notice] 37#37: exit
2023/08/30 22:52:11 [notice] 1#1: signal 17 (SIGCHLD) received from 33
2023/08/30 22:52:11 [notice] 1#1: worker process 33 exited with code 0
2023/08/30 22:52:11 [notice] 1#1: signal 29 (SIGIO) received
2023/08/30 22:52:11 [notice] 1#1: signal 17 (SIGCHLD) received from 34
2023/08/30 22:52:11 [notice] 1#1: worker process 34 exited with code 0
2023/08/30 22:52:11 [notice] 1#1: signal 29 (SIGIO) received
2023/08/30 22:52:11 [notice] 1#1: signal 17 (SIGCHLD) received from 31
2023/08/30 22:52:11 [notice] 1#1: worker process 31 exited with code 0
2023/08/30 22:52:11 [notice] 1#1: signal 29 (SIGIO) received
2023/08/30 22:52:11 [notice] 1#1: signal 17 (SIGCHLD) received from 36
2023/08/30 22:52:11 [notice] 1#1: worker process 36 exited with code 0
2023/08/30 22:52:11 [notice] 1#1: signal 29 (SIGIO) received
2023/08/30 22:52:11 [notice] 1#1: signal 17 (SIGCHLD) received from 37
2023/08/30 22:52:11 [notice] 1#1: worker process 32 exited with code 0
2023/08/30 22:52:11 [notice] 1#1: worker process 37 exited with code 0
2023/08/30 22:52:11 [notice] 1#1: signal 29 (SIGIO) received
2023/08/30 22:52:11 [notice] 1#1: signal 17 (SIGCHLD) received from 35
2023/08/30 22:52:11 [notice] 1#1: worker process 35 exited with code 0
2023/08/30 22:52:11 [notice] 1#1: signal 29 (SIGIO) received
2023/08/30 22:52:11 [notice] 1#1: signal 17 (SIGCHLD) received from 30
2023/08/30 22:52:11 [notice] 1#1: worker process 30 exited with code 0
2023/08/30 22:52:11 [notice] 1#1: exit
2023/08/30 22:52:51 [emerg] 1#1: unknown log format "main" in /etc/nginx/nginx.conf:15
2023/08/30 22:52:51 [emerg] 1#1: unknown log format "main" in /etc/nginx/nginx.conf:15
2023/08/30 22:52:52 [emerg] 1#1: unknown log format "main" in /etc/nginx/nginx.conf:15
2023/08/30 22:52:52 [emerg] 1#1: unknown log format "main" in /etc/nginx/nginx.conf:15
2023/08/30 22:52:54 [emerg] 1#1: unknown log format "main" in /etc/nginx/nginx.conf:15
2023/08/30 22:55:15 [emerg] 1#1: unknown log format "main" in /etc/nginx/nginx.conf:15
2023/08/30 22:55:15 [emerg] 1#1: unknown log format "main" in /etc/nginx/nginx.conf:15
2023/08/30 22:55:16 [emerg] 1#1: unknown log format "main" in /etc/nginx/nginx.conf:15
2023/08/30 22:55:16 [emerg] 1#1: unknown log format "main" in /etc/nginx/nginx.conf:15
2023/08/30 22:55:18 [emerg] 1#1: unknown log format "main" in /etc/nginx/nginx.conf:15
2023/08/30 22:55:19 [emerg] 1#1: unknown log format "main" in /etc/nginx/nginx.conf:15
2023/08/30 22:55:23 [emerg] 1#1: unknown log format "main" in /etc/nginx/nginx.conf:15
2023/08/30 22:55:30 [emerg] 1#1: unknown log format "main" in /etc/nginx/nginx.conf:15
2023/08/30 22:55:32 [emerg] 1#1: unknown log format "main" in /etc/nginx/nginx.conf:15
2023/08/30 22:55:33 [emerg] 1#1: unknown log format "main" in /etc/nginx/nginx.conf:15
2023/08/30 22:55:33 [emerg] 1#1: unknown log format "main" in /etc/nginx/nginx.conf:15
2023/08/30 22:55:34 [emerg] 1#1: unknown log format "main" in /etc/nginx/nginx.conf:15
2023/08/30 22:55:35 [emerg] 1#1: unknown log format "main" in /etc/nginx/nginx.conf:15
2023/08/30 22:55:37 [emerg] 1#1: unknown log format "main" in /etc/nginx/nginx.conf:15
2023/08/30 22:55:41 [emerg] 1#1: unknown log format "main" in /etc/nginx/nginx.conf:15
2023/08/30 22:55:47 [emerg] 1#1: unknown log format "main" in /etc/nginx/nginx.conf:15
2023/08/30 22:56:00 [emerg] 1#1: unknown log format "main" in /etc/nginx/nginx.conf:15
2023/08/30 22:56:08 [emerg] 1#1: unknown log format "main" in /etc/nginx/nginx.conf:15
2023/08/30 22:56:09 [emerg] 1#1: unknown log format "main" in /etc/nginx/nginx.conf:15
2023/08/30 22:56:09 [emerg] 1#1: unknown log format "main" in /etc/nginx/nginx.conf:15
2023/08/30 22:56:10 [emerg] 1#1: unknown log format "main" in /etc/nginx/nginx.conf:15
2023/08/30 22:56:11 [emerg] 1#1: unknown log format "main" in /etc/nginx/nginx.conf:15
2023/08/30 22:56:13 [emerg] 1#1: unknown log format "main" in /etc/nginx/nginx.conf:15
2023/08/30 22:56:17 [emerg] 1#1: unknown log format "main" in /etc/nginx/nginx.conf:15
2023/08/30 22:56:23 [emerg] 1#1: unknown log format "main" in /etc/nginx/nginx.conf:15
2023/08/30 22:56:36 [emerg] 1#1: unknown log format "main" in /etc/nginx/nginx.conf:15
2023/08/30 22:56:37 [emerg] 1#1: unknown log format "main" in /etc/nginx/nginx.conf:15
2023/08/30 22:56:37 [emerg] 1#1: unknown log format "main" in /etc/nginx/nginx.conf:15
2023/08/30 22:56:38 [emerg] 1#1: unknown log format "main" in /etc/nginx/nginx.conf:15
2023/08/30 22:56:39 [emerg] 1#1: unknown log format "main" in /etc/nginx/nginx.conf:15
2023/08/30 22:56:41 [emerg] 1#1: unknown log format "main" in /etc/nginx/nginx.conf:15
2023/08/30 22:56:45 [emerg] 1#1: unknown log format "main" in /etc/nginx/nginx.conf:15
2023/08/30 22:56:51 [emerg] 1#1: unknown log format "main" in /etc/nginx/nginx.conf:15
2023/08/30 22:57:04 [notice] 1#1: using the "epoll" event method
2023/08/30 22:57:04 [notice] 1#1: nginx/1.25.2
2023/08/30 22:57:04 [notice] 1#1: built by gcc 12.2.1 20220924 (Alpine 12.2.1_git20220924-r10) 
2023/08/30 22:57:04 [notice] 1#1: OS: Linux 6.2.0-26-generic
2023/08/30 22:57:04 [notice] 1#1: getrlimit(RLIMIT_NOFILE): 1048576:1048576
2023/08/30 22:57:04 [notice] 1#1: start worker processes
2023/08/30 22:57:04 [notice] 1#1: start worker process 30
2023/08/30 22:57:04 [notice] 1#1: start worker process 31
2023/08/30 22:57:04 [notice] 1#1: start worker process 32
2023/08/30 22:57:04 [notice] 1#1: start worker process 33
2023/08/30 22:57:04 [notice] 1#1: start worker process 34
2023/08/30 22:57:04 [notice] 1#1: start worker process 35
2023/08/30 22:57:04 [notice] 1#1: start worker process 36
2023/08/30 22:57:04 [notice] 1#1: start worker process 37
2023/08/30 22:57:12 [error] 30#30: *1 open() "/usr/share/nginx/html/api/v1/users" failed (2: No such file or directory), client: 192.168.128.1, server: localhost, request: "GET /api/v1/users HTTP/1.1", host: "127.0.0.1"
2023/08/30 22:57:12 [error] 30#30: *1 open() "/usr/share/nginx/html/favicon.ico" failed (2: No such file or directory), client: 192.168.128.1, server: localhost, request: "GET /favicon.ico HTTP/1.1", host: "127.0.0.1", referrer: "http://127.0.0.1/api/v1/users"
2023/08/30 22:57:14 [error] 30#30: *1 open() "/usr/share/nginx/html/api/v1/users" failed (2: No such file or directory), client: 192.168.128.1, server: localhost, request: "GET /api/v1/users HTTP/1.1", host: "127.0.0.1"
2023/08/30 22:57:14 [error] 30#30: *1 open() "/usr/share/nginx/html/api/v1/users" failed (2: No such file or directory), client: 192.168.128.1, server: localhost, request: "GET /api/v1/users HTTP/1.1", host: "127.0.0.1"
2023/08/30 22:58:01 [error] 30#30: *1 open() "/usr/share/nginx/html/api/v1/users" failed (2: No such file or directory), client: 192.168.128.1, server: localhost, request: "GET /api/v1/users HTTP/1.1", host: "127.0.0.1"
2023/08/31 09:11:04 [notice] 1#1: signal 3 (SIGQUIT) received, shutting down
2023/08/31 09:11:04 [notice] 30#30: gracefully shutting down
2023/08/31 09:11:04 [notice] 31#31: gracefully shutting down
2023/08/31 09:11:04 [notice] 33#33: gracefully shutting down
2023/08/31 09:11:04 [notice] 34#34: gracefully shutting down
2023/08/31 09:11:04 [notice] 35#35: gracefully shutting down
2023/08/31 09:11:04 [notice] 30#30: exiting
2023/08/31 09:11:04 [notice] 32#32: gracefully shutting down
2023/08/31 09:11:04 [notice] 31#31: exiting
2023/08/31 09:11:04 [notice] 33#33: exiting
2023/08/31 09:11:04 [notice] 36#36: gracefully shutting down
2023/08/31 09:11:04 [notice] 34#34: exiting
2023/08/31 09:11:04 [notice] 35#35: exiting
2023/08/31 09:11:04 [notice] 32#32: exiting
2023/08/31 09:11:04 [notice] 36#36: exiting
2023/08/31 09:11:04 [notice] 30#30: exit
2023/08/31 09:11:04 [notice] 33#33: exit
2023/08/31 09:11:04 [notice] 35#35: exit
2023/08/31 09:11:04 [notice] 32#32: exit
2023/08/31 09:11:04 [notice] 36#36: exit
2023/08/31 09:11:04 [notice] 31#31: exit
2023/08/31 09:11:04 [notice] 34#34: exit
2023/08/31 09:11:04 [notice] 37#37: gracefully shutting down
2023/08/31 09:11:04 [notice] 37#37: exiting
2023/08/31 09:11:04 [notice] 37#37: exit
2023/08/31 09:11:04 [notice] 1#1: signal 17 (SIGCHLD) received from 32
2023/08/31 09:11:04 [notice] 1#1: worker process 32 exited with code 0
2023/08/31 09:11:04 [notice] 1#1: signal 29 (SIGIO) received
2023/08/31 09:11:04 [notice] 1#1: signal 17 (SIGCHLD) received from 34
2023/08/31 09:11:04 [notice] 1#1: worker process 34 exited with code 0
2023/08/31 09:11:04 [notice] 1#1: worker process 33 exited with code 0
2023/08/31 09:11:04 [notice] 1#1: worker process 30 exited with code 0
2023/08/31 09:11:04 [notice] 1#1: worker process 37 exited with code 0
2023/08/31 09:11:04 [notice] 1#1: signal 29 (SIGIO) received
2023/08/31 09:11:04 [notice] 1#1: signal 17 (SIGCHLD) received from 33
2023/08/31 09:11:04 [notice] 1#1: signal 17 (SIGCHLD) received from 36
2023/08/31 09:11:04 [notice] 1#1: worker process 36 exited with code 0
2023/08/31 09:11:04 [notice] 1#1: signal 29 (SIGIO) received
2023/08/31 09:11:04 [notice] 1#1: signal 17 (SIGCHLD) received from 31
2023/08/31 09:11:04 [notice] 1#1: worker process 31 exited with code 0
2023/08/31 09:11:04 [notice] 1#1: signal 29 (SIGIO) received
2023/08/31 09:11:04 [notice] 1#1: signal 17 (SIGCHLD) received from 35
2023/08/31 09:11:04 [notice] 1#1: worker process 35 exited with code 0
2023/08/31 09:11:04 [notice] 1#1: exit
